#
# There is insufficient memory for the Java Runtime Environment to continue.
# Native memory allocation (mmap) failed to map 75497472 bytes for committing reserved memory.
# Possible reasons:
#   The system is out of physical RAM or swap space
#   The process is running with CompressedOops enabled, and the Java Heap may be blocking the growth of the native heap
# Possible solutions:
#   Reduce memory load on the system
#   Increase physical memory or swap space
#   Check if swap backing store is full
#   Decrease Java heap size (-Xmx/-Xms)
#   Decrease number of Java threads
#   Decrease Java thread stack sizes (-Xss)
#   Set larger code cache with -XX:ReservedCodeCacheSize=
#   JVM is running with Unscaled Compressed Oops mode in which the Java heap is
#     placed in the first 4GB address space. The Java Heap base address is the
#     maximum limit for the native heap growth. Please use -XX:HeapBaseMinAddress
#     to set the Java Heap base and to place the Java Heap above 4GB virtual address.
# This output file may be truncated or incomplete.
#
#  Out of Memory Error (os_linux.cpp:2754), pid=11218, tid=0x00007f039138f700
#
# JRE version: OpenJDK Runtime Environment (8.0_222-b10) (build 1.8.0_222-b10)
# Java VM: OpenJDK 64-Bit Server VM (25.222-b10 mixed mode linux-amd64 compressed oops)
# Failed to write core dump. Core dumps have been disabled. To enable core dumping, try "ulimit -c unlimited" before starting Java again
#

---------------  T H R E A D  ---------------

Current thread (0x00007f03a8079000):  VMThread [stack: 0x00007f0391290000,0x00007f0391390000] [id=11238]

Stack: [0x00007f0391290000,0x00007f0391390000],  sp=0x00007f039138e460,  free space=1017k
Native frames: (J=compiled Java code, j=interpreted, Vv=VM code, C=native code)
V  [libjvm.so+0x9f707d]  VMError::report_and_die()+0x15d
V  [libjvm.so+0x4bfdfa]  report_vm_out_of_memory(char const*, int, unsigned long, VMErrorType, char const*)+0x8a
V  [libjvm.so+0x85e988]  os::pd_commit_memory(char*, unsigned long, unsigned long, bool)+0xd8
V  [libjvm.so+0x85625f]  os::commit_memory(char*, unsigned long, unsigned long, bool)+0x1f
V  [libjvm.so+0x8cff5b]  PSVirtualSpace::expand_by(unsigned long)+0x5b
V  [libjvm.so+0x8d0bb0]  PSYoungGen::resize_generation(unsigned long, unsigned long)+0xb0
V  [libjvm.so+0x8d0ecb]  PSYoungGen::resize(unsigned long, unsigned long)+0x1b
V  [libjvm.so+0x8cd63b]  PSScavenge::invoke_no_policy()+0xdab
V  [libjvm.so+0x8c7150]  PSParallelCompact::invoke(bool)+0x40
V  [libjvm.so+0x44ce73]  CollectedHeap::collect_as_vm_thread(GCCause::Cause)+0x143
V  [libjvm.so+0x9f84c1]  VM_CollectForMetadataAllocation::doit()+0x141
V  [libjvm.so+0x9fd017]  VM_Operation::evaluate()+0x47
V  [libjvm.so+0x9fb9f8]  VMThread::evaluate_operation(VM_Operation*)+0x218
V  [libjvm.so+0x9fbe59]  VMThread::loop()+0x219
V  [libjvm.so+0x9fc2b3]  VMThread::run()+0x83
V  [libjvm.so+0x85ba92]  java_start(Thread*)+0xf2

VM_Operation (0x00007f03af720b80): CollectForMetadataAllocation, mode: safepoint, requested by thread 0x00007f03a800b800


---------------  P R O C E S S  ---------------

Java Threads: ( => current thread )
  0x00007f03a80c0800 JavaThread "Service Thread" daemon [_thread_blocked, id=11245, stack(0x00007f03901b9000,0x00007f03902ba000)]
  0x00007f03a80bd800 JavaThread "C1 CompilerThread2" daemon [_thread_blocked, id=11244, stack(0x00007f03902bb000,0x00007f03903bb000)]
  0x00007f03a80bc000 JavaThread "C2 CompilerThread1" daemon [_thread_blocked, id=11243, stack(0x00007f03903bc000,0x00007f03904bc000)]
  0x00007f03a80b9000 JavaThread "C2 CompilerThread0" daemon [_thread_in_native, id=11242, stack(0x00007f03904bd000,0x00007f03905bd000)]
  0x00007f03a80b7800 JavaThread "Signal Dispatcher" daemon [_thread_blocked, id=11241, stack(0x00007f03905bd000,0x00007f03906be000)]
  0x00007f03a8085000 JavaThread "Finalizer" daemon [_thread_blocked, id=11240, stack(0x00007f039108d000,0x00007f039118e000)]
  0x00007f03a8082800 JavaThread "Reference Handler" daemon [_thread_blocked, id=11239, stack(0x00007f039118e000,0x00007f039128f000)]
  0x00007f03a800b800 JavaThread "main" [_thread_blocked, id=11233, stack(0x00007f03af628000,0x00007f03af728000)]

Other Threads:
=>0x00007f03a8079000 VMThread [stack: 0x00007f0391290000,0x00007f0391390000] [id=11238]
  0x00007f03a80c3000 WatcherThread [stack: 0x00007f03900b9000,0x00007f03901b9000] [id=11246]

VM state:at safepoint (normal execution)

VM Mutex/Monitor currently owned by a thread:  ([mutex/lock_event])
[0x00007f03a8007ee0] Threads_lock - owner thread: 0x00007f03a8079000
[0x00007f03a80083e0] Heap_lock - owner thread: 0x00007f03a800b800

heap address: 0x00000000c5800000, size: 936 MB, Compressed Oops mode: 32-bit
Narrow klass base: 0x0000000000000000, Narrow klass shift: 3
Compressed class space size: 1073741824 Address: 0x0000000100000000

Heap:
 PSYoungGen      total 132096K, used 9142K [0x00000000ec800000, 0x00000000f5500000, 0x0000000100000000)
  eden space 121344K, 0% used [0x00000000ec800000,0x00000000ec800000,0x00000000f3e80000)
  from space 10752K, 85% used [0x00000000f3e80000,0x00000000f476dbf0,0x00000000f4900000)
  to   space 9216K, 0% used [0x00000000f4900000,0x00000000f4900000,0x00000000f5200000)
 ParOldGen       total 40960K, used 14280K [0x00000000c5800000, 0x00000000c8000000, 0x00000000ec800000)
  object space 40960K, 34% used [0x00000000c5800000,0x00000000c65f2190,0x00000000c8000000)
 Metaspace       used 20575K, capacity 21166K, committed 21296K, reserved 1069056K
  class space    used 2429K, capacity 2623K, committed 2688K, reserved 1048576K

Card table byte_map: [0x00007f03ac1ff000,0x00007f03ac3d4000] byte_map_base: 0x00007f03abbd3000

Marking Bits: (ParMarkBitMap*) 0x00007f03aeabe6e0
 Begin Bits: [0x00007f03922c0000, 0x00007f0393160000)
 End Bits:   [0x00007f0393160000, 0x00007f0394000000)

Polling page: 0x00007f03af73e000

CodeCache: size=245760Kb used=11380Kb max_used=11519Kb free=234379Kb
 bounds [0x00007f0399000000, 0x00007f0399b50000, 0x00007f03a8000000]
 total_blobs=3827 nmethods=3454 adapters=288
 compilation: enabled

Compilation events (10 events):
Event: 9.009 Thread 0x00007f03a80bc000 nmethod 3647 0x00007f03991691d0 code [0x00007f0399169340, 0x00007f0399169488]
Event: 9.009 Thread 0x00007f03a80bc000 3642       4       java.lang.ref.Finalizer::register (10 bytes)
Event: 9.013 Thread 0x00007f03a80bc000 nmethod 3642 0x00007f039926f690 code [0x00007f039926f800, 0x00007f039926fb58]
Event: 9.014 Thread 0x00007f03a80bc000 3663       4       java.lang.ClassNotFoundException::<init> (7 bytes)
Event: 9.018 Thread 0x00007f03a80bc000 nmethod 3663 0x00007f039926f010 code [0x00007f039926f180, 0x00007f039926f4e8]
Event: 9.021 Thread 0x00007f03a80bc000 3664       4       java.util.HashMap::hash (20 bytes)
Event: 9.023 Thread 0x00007f03a80bc000 nmethod 3664 0x00007f039931fd90 code [0x00007f039931fee0, 0x00007f039931ff98]
Event: 9.057 Thread 0x00007f03a80bc000 3665   !   4       sun.misc.URLClassPath$JarLoader::getResource (85 bytes)
Event: 9.160 Thread 0x00007f03a80bc000 nmethod 3665 0x00007f0399243e10 code [0x00007f0399244060, 0x00007f0399244b80]
Event: 9.169 Thread 0x00007f03a80bc000 3666       4       java.net.URLStreamHandler::equals (45 bytes)

GC Heap History (10 events):
Event: 2.068 GC heap after
Heap after GC invocations=4 (full 0):
 PSYoungGen      total 33280K, used 2544K [0x00000000ec800000, 0x00000000eeb00000, 0x0000000100000000)
  eden space 30720K, 0% used [0x00000000ec800000,0x00000000ec800000,0x00000000ee600000)
  from space 2560K, 99% used [0x00000000ee880000,0x00000000eeafc030,0x00000000eeb00000)
  to   space 2560K, 0% used [0x00000000ee600000,0x00000000ee600000,0x00000000ee880000)
 ParOldGen       total 40960K, used 4544K [0x00000000c5800000, 0x00000000c8000000, 0x00000000ec800000)
  object space 40960K, 11% used [0x00000000c5800000,0x00000000c5c702a0,0x00000000c8000000)
 Metaspace       used 11296K, capacity 11554K, committed 11776K, reserved 1058816K
  class space    used 1386K, capacity 1482K, committed 1536K, reserved 1048576K
}
Event: 3.096 GC heap before
{Heap before GC invocations=5 (full 0):
 PSYoungGen      total 33280K, used 33264K [0x00000000ec800000, 0x00000000eeb00000, 0x0000000100000000)
  eden space 30720K, 100% used [0x00000000ec800000,0x00000000ee600000,0x00000000ee600000)
  from space 2560K, 99% used [0x00000000ee880000,0x00000000eeafc030,0x00000000eeb00000)
  to   space 2560K, 0% used [0x00000000ee600000,0x00000000ee600000,0x00000000ee880000)
 ParOldGen       total 40960K, used 4544K [0x00000000c5800000, 0x00000000c8000000, 0x00000000ec800000)
  object space 40960K, 11% used [0x00000000c5800000,0x00000000c5c702a0,0x00000000c8000000)
 Metaspace       used 14578K, capacity 14872K, committed 15232K, reserved 1062912K
  class space    used 1760K, capacity 1851K, committed 1920K, reserved 1048576K
Event: 3.118 GC heap after
Heap after GC invocations=5 (full 0):
 PSYoungGen      total 33280K, used 2544K [0x00000000ec800000, 0x00000000f1300000, 0x0000000100000000)
  eden space 30720K, 0% used [0x00000000ec800000,0x00000000ec800000,0x00000000ee600000)
  from space 2560K, 99% used [0x00000000ee600000,0x00000000ee87c050,0x00000000ee880000)
  to   space 7680K, 0% used [0x00000000f0b80000,0x00000000f0b80000,0x00000000f1300000)
 ParOldGen       total 40960K, used 8854K [0x00000000c5800000, 0x00000000c8000000, 0x00000000ec800000)
  object space 40960K, 21% used [0x00000000c5800000,0x00000000c60a5aa0,0x00000000c8000000)
 Metaspace       used 14578K, capacity 14872K, committed 15232K, reserved 1062912K
  class space    used 1760K, capacity 1851K, committed 1920K, reserved 1048576K
}
Event: 4.155 GC heap before
{Heap before GC invocations=6 (full 0):
 PSYoungGen      total 33280K, used 33264K [0x00000000ec800000, 0x00000000f1300000, 0x0000000100000000)
  eden space 30720K, 100% used [0x00000000ec800000,0x00000000ee600000,0x00000000ee600000)
  from space 2560K, 99% used [0x00000000ee600000,0x00000000ee87c050,0x00000000ee880000)
  to   space 7680K, 0% used [0x00000000f0b80000,0x00000000f0b80000,0x00000000f1300000)
 ParOldGen       total 40960K, used 8854K [0x00000000c5800000, 0x00000000c8000000, 0x00000000ec800000)
  object space 40960K, 21% used [0x00000000c5800000,0x00000000c60a5aa0,0x00000000c8000000)
 Metaspace       used 15078K, capacity 15382K, committed 15488K, reserved 1062912K
  class space    used 1792K, capacity 1888K, committed 1920K, reserved 1048576K
Event: 4.167 GC heap after
Heap after GC invocations=6 (full 0):
 PSYoungGen      total 68096K, used 4631K [0x00000000ec800000, 0x00000000f1200000, 0x0000000100000000)
  eden space 61440K, 0% used [0x00000000ec800000,0x00000000ec800000,0x00000000f0400000)
  from space 6656K, 69% used [0x00000000f0b80000,0x00000000f1005e00,0x00000000f1200000)
  to   space 7168K, 0% used [0x00000000f0400000,0x00000000f0400000,0x00000000f0b00000)
 ParOldGen       total 40960K, used 8862K [0x00000000c5800000, 0x00000000c8000000, 0x00000000ec800000)
  object space 40960K, 21% used [0x00000000c5800000,0x00000000c60a7aa0,0x00000000c8000000)
 Metaspace       used 15078K, capacity 15382K, committed 15488K, reserved 1062912K
  class space    used 1792K, capacity 1888K, committed 1920K, reserved 1048576K
}
Event: 5.590 GC heap before
{Heap before GC invocations=7 (full 0):
 PSYoungGen      total 68096K, used 66071K [0x00000000ec800000, 0x00000000f1200000, 0x0000000100000000)
  eden space 61440K, 100% used [0x00000000ec800000,0x00000000f0400000,0x00000000f0400000)
  from space 6656K, 69% used [0x00000000f0b80000,0x00000000f1005e00,0x00000000f1200000)
  to   space 7168K, 0% used [0x00000000f0400000,0x00000000f0400000,0x00000000f0b00000)
 ParOldGen       total 40960K, used 8862K [0x00000000c5800000, 0x00000000c8000000, 0x00000000ec800000)
  object space 40960K, 21% used [0x00000000c5800000,0x00000000c60a7aa0,0x00000000c8000000)
 Metaspace       used 18094K, capacity 18642K, committed 18944K, reserved 1067008K
  class space    used 2125K, capacity 2258K, committed 2304K, reserved 1048576K
Event: 5.606 GC heap after
Heap after GC invocations=7 (full 0):
 PSYoungGen      total 68608K, used 7152K [0x00000000ec800000, 0x00000000f5200000, 0x0000000100000000)
  eden space 61440K, 0% used [0x00000000ec800000,0x00000000ec800000,0x00000000f0400000)
  from space 7168K, 99% used [0x00000000f0400000,0x00000000f0afc048,0x00000000f0b00000)
  to   space 9216K, 0% used [0x00000000f4900000,0x00000000f4900000,0x00000000f5200000)
 ParOldGen       total 40960K, used 10867K [0x00000000c5800000, 0x00000000c8000000, 0x00000000ec800000)
  object space 40960K, 26% used [0x00000000c5800000,0x00000000c629cf58,0x00000000c8000000)
 Metaspace       used 18094K, capacity 18642K, committed 18944K, reserved 1067008K
  class space    used 2125K, capacity 2258K, committed 2304K, reserved 1048576K
}
Event: 8.187 GC heap before
{Heap before GC invocations=8 (full 0):
 PSYoungGen      total 68608K, used 68592K [0x00000000ec800000, 0x00000000f5200000, 0x0000000100000000)
  eden space 61440K, 100% used [0x00000000ec800000,0x00000000f0400000,0x00000000f0400000)
  from space 7168K, 99% used [0x00000000f0400000,0x00000000f0afc048,0x00000000f0b00000)
  to   space 9216K, 0% used [0x00000000f4900000,0x00000000f4900000,0x00000000f5200000)
 ParOldGen       total 40960K, used 10867K [0x00000000c5800000, 0x00000000c8000000, 0x00000000ec800000)
  object space 40960K, 26% used [0x00000000c5800000,0x00000000c629cf58,0x00000000c8000000)
 Metaspace       used 19768K, capacity 20308K, committed 20480K, reserved 1067008K
  class space    used 2308K, capacity 2481K, committed 2560K, reserved 1048576K
Event: 8.234 GC heap after
Heap after GC invocations=8 (full 0):
 PSYoungGen      total 130560K, used 9196K [0x00000000ec800000, 0x00000000f5500000, 0x0000000100000000)
  eden space 121344K, 0% used [0x00000000ec800000,0x00000000ec800000,0x00000000f3e80000)
  from space 9216K, 99% used [0x00000000f4900000,0x00000000f51fb020,0x00000000f5200000)
  to   space 10752K, 0% used [0x00000000f3e80000,0x00000000f3e80000,0x00000000f4900000)
 ParOldGen       total 40960K, used 11708K [0x00000000c5800000, 0x00000000c8000000, 0x00000000ec800000)
  object space 40960K, 28% used [0x00000000c5800000,0x00000000c636f180,0x00000000c8000000)
 Metaspace       used 19768K, capacity 20308K, committed 20480K, reserved 1067008K
  class space    used 2308K, capacity 2481K, committed 2560K, reserved 1048576K
}
Event: 9.219 GC heap before
{Heap before GC invocations=9 (full 0):
 PSYoungGen      total 130560K, used 46640K [0x00000000ec800000, 0x00000000f5500000, 0x0000000100000000)
  eden space 121344K, 30% used [0x00000000ec800000,0x00000000eec91240,0x00000000f3e80000)
  from space 9216K, 99% used [0x00000000f4900000,0x00000000f51fb020,0x00000000f5200000)
  to   space 10752K, 0% used [0x00000000f3e80000,0x00000000f3e80000,0x00000000f4900000)
 ParOldGen       total 40960K, used 11708K [0x00000000c5800000, 0x00000000c8000000, 0x00000000ec800000)
  object space 40960K, 28% used [0x00000000c5800000,0x00000000c636f180,0x00000000c8000000)
 Metaspace       used 20575K, capacity 21166K, committed 21296K, reserved 1069056K
  class space    used 2429K, capacity 2623K, committed 2688K, reserved 1048576K

Deoptimization events (10 events):
Event: 4.476 Thread 0x00007f03a800b800 Uncommon trap: reason=null_check action=make_not_entrant pc=0x00007f039975721c method=org.apache.maven.model.io.xpp3.MavenXpp3Reader.checkFieldWithDuplicate(Lorg/codehaus/plexus/util/xml/pull/XmlPullParser;Ljava/lang/String;Ljava/lang/String;Ljava/util/Se
Event: 5.060 Thread 0x00007f03a800b800 Uncommon trap: reason=bimorphic action=maybe_recompile pc=0x00007f03996c8790 method=java.util.regex.Pattern$CharProperty.match(Ljava/util/regex/Matcher;ILjava/lang/CharSequence;)Z @ 37
Event: 5.253 Thread 0x00007f03a800b800 Uncommon trap: reason=unstable_if action=reinterpret pc=0x00007f0399872148 method=org.eclipse.sisu.plexus.RealmFilteredBeans$FilteredItr.hasNext()Z @ 44
Event: 5.425 Thread 0x00007f03a800b800 Uncommon trap: reason=bimorphic action=maybe_recompile pc=0x00007f03996c8790 method=java.util.regex.Pattern$CharProperty.match(Ljava/util/regex/Matcher;ILjava/lang/CharSequence;)Z @ 37
Event: 5.483 Thread 0x00007f03a800b800 Uncommon trap: reason=unstable_if action=reinterpret pc=0x00007f03999353dc method=org.codehaus.plexus.classworlds.realm.Entry.matches(Ljava/lang/String;)Z @ 20
Event: 5.513 Thread 0x00007f03a800b800 Uncommon trap: reason=unstable_if action=reinterpret pc=0x00007f03992e3868 method=sun.net.www.ParseUtil.encodePath(Ljava/lang/String;Z)Ljava/lang/String; @ 109
Event: 5.609 Thread 0x00007f03a800b800 Uncommon trap: reason=unstable_if action=reinterpret pc=0x00007f03998b2d5c method=java.util.concurrent.ConcurrentHashMap.replaceNode(Ljava/lang/Object;Ljava/lang/Object;Ljava/lang/Object;)Ljava/lang/Object; @ 124
Event: 8.292 Thread 0x00007f03a800b800 Uncommon trap: reason=unstable_if action=reinterpret pc=0x00007f0399b3bebc method=org.codehaus.plexus.interpolation.StringSearchInterpolator.interpolate(Ljava/lang/String;Lorg/codehaus/plexus/interpolation/RecursionInterceptor;Ljava/util/Set;)Ljava/lang/S
Event: 8.800 Thread 0x00007f03a800b800 Uncommon trap: reason=unstable_if action=reinterpret pc=0x00007f03998fe568 method=java.util.jar.Manifest$FastInputStream.readLine([BII)I @ 87
Event: 8.898 Thread 0x00007f03a800b800 Uncommon trap: reason=unstable_if action=reinterpret pc=0x00007f03991e5914 method=sun.misc.URLClassPath$JarLoader.getResource(Ljava/lang/String;Z)Lsun/misc/Resource; @ 62

Classes redefined (0 events):
No events

Internal exceptions (10 events):
Event: 2.669 Thread 0x00007f03a800b800 Exception <a 'java/lang/NullPointerException'> (0x00000000ed7bf4e8) thrown at [/home/jenkins/workspace/build-scripts/jobs/jdk8u/jdk8u-linux-x64-hotspot/workspace/build/src/hotspot/src/share/vm/interpreter/linkResolver.cpp, line 1185]
Event: 3.209 Thread 0x00007f03a800b800 Implicit null exception at 0x00007f03992a1d35 to 0x00007f03992a1f19
Event: 3.218 Thread 0x00007f03a800b800 Implicit null exception at 0x00007f039931b5bb to 0x00007f039931bb95
Event: 4.476 Thread 0x00007f03a800b800 Implicit null exception at 0x00007f0399756701 to 0x00007f0399757201
Event: 5.677 Thread 0x00007f03a800b800 Exception <a 'java/lang/NoSuchFieldError': method resolution failed> (0x00000000ec884528) thrown at [/home/jenkins/workspace/build-scripts/jobs/jdk8u/jdk8u-linux-x64-hotspot/workspace/build/src/hotspot/src/share/vm/prims/methodHandles.cpp, line 1167]
Event: 5.723 Thread 0x00007f03a800b800 Exception <a 'java/lang/NoSuchFieldError': method resolution failed> (0x00000000ec892388) thrown at [/home/jenkins/workspace/build-scripts/jobs/jdk8u/jdk8u-linux-x64-hotspot/workspace/build/src/hotspot/src/share/vm/prims/methodHandles.cpp, line 1167]
Event: 5.824 Thread 0x00007f03a800b800 Exception <a 'java/io/FileNotFoundException'> (0x00000000ec90bf78) thrown at [/home/jenkins/workspace/build-scripts/jobs/jdk8u/jdk8u-linux-x64-hotspot/workspace/build/src/hotspot/src/share/vm/prims/jni.cpp, line 710]
Event: 5.824 Thread 0x00007f03a800b800 Exception <a 'java/io/FileNotFoundException'> (0x00000000ec90cdb0) thrown at [/home/jenkins/workspace/build-scripts/jobs/jdk8u/jdk8u-linux-x64-hotspot/workspace/build/src/hotspot/src/share/vm/prims/jni.cpp, line 710]
Event: 9.023 Thread 0x00007f03a800b800 Exception <a 'java/lang/NoClassDefFoundError': org/sonatype/aether/graph/Dependency> (0x00000000ee83aef0) thrown at [/home/jenkins/workspace/build-scripts/jobs/jdk8u/jdk8u-linux-x64-hotspot/workspace/build/src/hotspot/src/share/vm/classfile/systemDictiona
Event: 9.187 Thread 0x00007f03a800b800 Exception <a 'java/lang/NoClassDefFoundError': org/sonatype/aether/resolution/ArtifactDescriptorException> (0x00000000eebb2738) thrown at [/home/jenkins/workspace/build-scripts/jobs/jdk8u/jdk8u-linux-x64-hotspot/workspace/build/src/hotspot/src/share/vm/cl

Events (10 events):
Event: 9.203 loading class org/codehaus/plexus/archiver/tar/TarSnappyUnArchiver done
Event: 9.204 loading class org/codehaus/plexus/archiver/tar/TarUnArchiver
Event: 9.204 loading class org/codehaus/plexus/archiver/tar/TarUnArchiver done
Event: 9.204 loading class org/codehaus/plexus/archiver/tar/TarUnArchiver
Event: 9.204 loading class org/codehaus/plexus/archiver/tar/TarUnArchiver done
Event: 9.204 loading class org/apache/commons/compress/compressors/bzip2/BZip2CompressorInputStream
Event: 9.204 loading class org/apache/commons/compress/compressors/bzip2/BZip2CompressorInputStream done
Event: 9.205 loading class org/apache/commons/compress/compressors/bzip2/BZip2CompressorInputStream
Event: 9.205 loading class org/apache/commons/compress/compressors/bzip2/BZip2CompressorInputStream done
Event: 9.216 Executing VM operation: CollectForMetadataAllocation


Dynamic libraries:
00400000-00401000 r-xp 00000000 08:01 525445                             /usr/local/jdk8u222-b10/bin/java
00600000-00601000 r--p 00000000 08:01 525445                             /usr/local/jdk8u222-b10/bin/java
00601000-00602000 rw-p 00001000 08:01 525445                             /usr/local/jdk8u222-b10/bin/java
021ec000-0220d000 rw-p 00000000 00:00 0                                  [heap]
c5800000-c8000000 rw-p 00000000 00:00 0 
c8000000-ec800000 ---p 00000000 00:00 0 
ec800000-f5500000 rw-p 00000000 00:00 0 
f9d00000-100000000 ---p 00000000 00:00 0 
100000000-1002a0000 rw-p 00000000 00:00 0 
1002a0000-140000000 ---p 00000000 00:00 0 
7f035a547000-7f035a573000 rw-p 00000000 00:00 0 
7f035a573000-7f035a747000 ---p 00000000 00:00 0 
7f035a747000-7f035a754000 r--s 00083000 08:01 3803119                    /home/avbravo/.m2/repository/commons-collections/commons-collections/3.2.2/commons-collections-3.2.2.jar
7f035a754000-7f035a759000 r--s 00041000 08:01 4457306                    /home/avbravo/.m2/repository/commons-lang/commons-lang/2.6/commons-lang-2.6.jar
7f035a759000-7f035a75d000 r--s 00025000 08:01 4588690                    /home/avbravo/.m2/repository/org/apache/maven/shared/maven-shared-utils/3.2.0/maven-shared-utils-3.2.0.jar
7f035a75d000-7f035a763000 r--s 00033000 08:01 4588689                    /home/avbravo/.m2/repository/commons-codec/commons-codec/1.6/commons-codec-1.6.jar
7f035a763000-7f035a768000 r--s 0001a000 08:01 4588684                    /home/avbravo/.m2/repository/org/apache/maven/shared/maven-artifact-transfer/0.9.1/maven-artifact-transfer-0.9.1.jar
7f035a768000-7f035a76b000 r--s 0000d000 08:01 4588682                    /home/avbravo/.m2/repository/org/apache/maven/shared/maven-common-artifact-filters/3.0.1/maven-common-artifact-filters-3.0.1.jar
7f035a76b000-7f035a76f000 r--s 0001d000 08:01 4196963                    /home/avbravo/.m2/repository/org/eclipse/aether/aether-util/0.9.0.M2/aether-util-0.9.0.M2.jar
7f035a76f000-7f035a771000 r--s 00007000 08:01 4588681                    /home/avbravo/.m2/repository/org/apache/maven/shared/maven-dependency-tree/3.0.1/maven-dependency-tree-3.0.1.jar
7f035a771000-7f035a773000 r--s 00019000 08:01 3410372                    /home/avbravo/.m2/repository/org/ow2/asm/asm/6.1.1/asm-6.1.1.jar
7f035a773000-7f035a775000 r--s 00007000 08:01 4458196                    /home/avbravo/.m2/repository/org/apache/maven/shared/maven-dependency-analyzer/1.10/maven-dependency-analyzer-1.10.jar
7f035a775000-7f035a779000 r--s 0000f000 08:01 4588679                    /home/avbravo/.m2/repository/org/codehaus/plexus/plexus-io/3.0.0/plexus-io-3.0.0.jar
7f035a779000-7f035a77c000 r--s 00008000 08:01 4588625                    /home/avbravo/.m2/repository/org/apache/maven/shared/maven-shared-io/3.0.0/maven-shared-io-3.0.0.jar
7f035a77c000-7f035a77e000 r--s 00007000 08:01 4588674                    /home/avbravo/.m2/repository/org/apache/maven/shared/file-management/3.0.0/file-management-3.0.0.jar
7f035a77e000-7f035a782000 r--s 00017000 08:01 3016778                    /home/avbravo/.m2/repository/org/tukaani/xz/1.8/xz-1.8.jar
7f035a782000-7f035a784000 r--s 0000d000 08:01 2624681                    /home/avbravo/.m2/repository/org/iq80/snappy/snappy/0.4/snappy-0.4.jar
7f035a784000-7f035a786000 r--s 0000c000 08:01 1575658                    /home/avbravo/.m2/repository/org/objenesis/objenesis/2.6/objenesis-2.6.jar
7f035a786000-7f035a791000 r--s 0007e000 08:01 1973858                    /home/avbravo/.m2/repository/org/apache/commons/commons-compress/1.16.1/commons-compress-1.16.1.jar
7f035a791000-7f035a796000 r--s 0002a000 08:01 4458194                    /home/avbravo/.m2/repository/org/codehaus/plexus/plexus-archiver/3.6.0/plexus-archiver-3.6.0.jar
7f035a796000-7f035a799000 r--s 0001b000 08:01 4588673                    /home/avbravo/.m2/repository/org/apache/struts/struts-tiles/1.3.8/struts-tiles-1.3.8.jar
7f035a799000-7f035a79e000 r--s 00039000 08:01 4588668                    /home/avbravo/.m2/repository/org/apache/struts/struts-taglib/1.3.8/struts-taglib-1.3.8.jar
7f035a79e000-7f035a7a3000 r--s 00053000 08:01 4065464                    /home/avbravo/.m2/repository/antlr/antlr/2.7.2/antlr-2.7.2.jar
7f035a7a3000-7f035a7a9000 r--s 0004b000 08:01 4588667                    /home/avbravo/.m2/repository/org/apache/struts/struts-core/1.3.8/struts-core-1.3.8.jar
7f035a7a9000-7f035a7ab000 r--s 00005000 08:01 4588664                    /home/avbravo/.m2/repository/sslext/sslext/1.2-0/sslext-1.2-0.jar
7f035a7ab000-7f035a7b3000 r--s 00068000 08:01 4588662                    /home/avbravo/.m2/repository/dom4j/dom4j/1.1/dom4j-1.1.jar
7f035a7b3000-7f035a7b5000 r--s 00014000 08:01 4588661                    /home/avbravo/.m2/repository/commons-chain/commons-chain/1.1/commons-chain-1.1.jar
7f035a7b5000-7f035a7bb000 r--s 0004f000 08:01 4588660                    /home/avbravo/.m2/repository/org/apache/velocity/velocity-tools/2.0/velocity-tools-2.0.jar
7f035a7bb000-7f035a7bd000 r--s 0000e000 08:01 3672123                    /home/avbravo/.m2/repository/oro/oro/2.0.8/oro-2.0.8.jar
7f035a7bd000-7f035a7c5000 r--s 00058000 08:01 3672118                    /home/avbravo/.m2/repository/org/apache/velocity/velocity/1.5/velocity-1.5.jar
7f035a7c5000-7f035a7c6000 r--s 00001000 08:01 4457277                    /home/avbravo/.m2/repository/org/codehaus/plexus/plexus-velocity/1.1.7/plexus-velocity-1.1.7.jar
7f035a7c6000-7f035a7c7000 r--s 00002000 08:01 4457276                    /home/avbravo/.m2/repository/org/codehaus/plexus/plexus-i18n/1.0-beta-7/plexus-i18n-1.0-beta-7.jar
7f035a7c7000-7f035a7c9000 r--s 00008000 08:01 4588657                    /home/avbravo/.m2/repository/org/apache/maven/doxia/doxia-module-fml/1.4/doxia-module-fml-1.4.jar
7f035a7c9000-7f035a7ca000 r--s 00003000 08:01 4588656                    /home/avbravo/.m2/repository/org/apache/maven/doxia/doxia-module-xhtml/1.4/doxia-module-xhtml-1.4.jar
7f035a7ca000-7f035a7cb000 r--s 0000e000 08:01 4588655                    /home/avbravo/.m2/repository/org/apache/maven/doxia/doxia-decoration-model/1.4/doxia-decoration-model-1.4.jar
7f035a7cb000-7f035a7cd000 r--s 0000b000 08:01 4588651                    /home/avbravo/.m2/repository/org/apache/maven/doxia/doxia-site-renderer/1.4/doxia-site-renderer-1.4.jar
7f035a7cd000-7f035a7ce000 r--s 00002000 08:01 4588649                    /home/avbravo/.m2/repository/org/apache/maven/doxia/doxia-logging-api/1.4/doxia-logging-api-1.4.jar
7f035a7ce000-7f035a7cf000 r--s 00002000 08:01 4588647                    /home/avbravo/.m2/repository/org/apache/maven/doxia/doxia-sink-api/1.4/doxia-sink-api-1.4.jar
7f035a7cf000-7f035a7d3000 r--s 0002f000 08:01 4588645                    /home/avbravo/.m2/repository/commons-io/commons-io/2.5/commons-io-2.5.jar
7f035a7d3000-7f035a7d5000 r--s 00008000 08:01 4457271                    /home/avbravo/.m2/repository/commons-logging/commons-logging/1.0.4/commons-logging-1.0.4.jar
7f035a7d5000-7f035a7d9000 r--s 00026000 08:01 4457269                    /home/avbravo/.m2/repository/commons-digester/commons-digester/1.6/commons-digester-1.6.jar
7f035a7d9000-7f035a7de000 r--s 0002a000 08:01 4457266                    /home/avbravo/.m2/repository/commons-beanutils/commons-beanutils/1.7.0/commons-beanutils-1.7.0.jar
7f035a7de000-7f035a7e1000 r--s 0001f000 08:01 4588643                    /home/avbravo/.m2/repository/commons-validator/commons-validator/1.3.1/commons-validator-1.3.1.jar
7f035a7e1000-7f035a7e6000 r--s 00026000 08:01 4588640                    /home/avbravo/.m2/repository/org/apache/httpcomponents/httpcore/4.0.1/httpcore-4.0.1.jar
7f035a7e6000-7f035a7ee000 r--s 00028000 08:01 4588638                    /home/avbravo/.m2/repository/xml-apis/xml-apis/1.3.04/xml-apis-1.3.04.jar
7f035a7ee000-7f035a801000 r-xp 00000000 08:01 9180115                    /lib/x86_64-linux-gnu/libbsd.so.0.8.7
7f035a801000-7f035aa00000 ---p 00013000 08:01 9180115                    /lib/x86_64-linux-gnu/libbsd.so.0.8.7
7f035aa00000-7f035aa01000 r--p 00012000 08:01 9180115                    /lib/x86_64-linux-gnu/libbsd.so.0.8.7
7f035aa01000-7f035aa02000 rw-p 00013000 08:01 9180115                    /lib/x86_64-linux-gnu/libbsd.so.0.8.7
7f035aa02000-7f035aa03000 rw-p 00000000 00:00 0 
7f035aa03000-7f035aa08000 r-xp 00000000 08:01 794153                     /usr/lib/x86_64-linux-gnu/libXdmcp.so.6.0.0
7f035aa08000-7f035ac07000 ---p 00005000 08:01 794153                     /usr/lib/x86_64-linux-gnu/libXdmcp.so.6.0.0
7f035ac07000-7f035ac08000 r--p 00004000 08:01 794153                     /usr/lib/x86_64-linux-gnu/libXdmcp.so.6.0.0
7f035ac08000-7f035ac09000 rw-p 00005000 08:01 794153                     /usr/lib/x86_64-linux-gnu/libXdmcp.so.6.0.0
7f035ac09000-7f035ac0b000 r-xp 00000000 08:01 794142                     /usr/lib/x86_64-linux-gnu/libXau.so.6.0.0
7f035ac0b000-7f035ae0b000 ---p 00002000 08:01 794142                     /usr/lib/x86_64-linux-gnu/libXau.so.6.0.0
7f035ae0b000-7f035ae0c000 r--p 00002000 08:01 794142                     /usr/lib/x86_64-linux-gnu/libXau.so.6.0.0
7f035ae0c000-7f035ae0d000 rw-p 00003000 08:01 794142                     /usr/lib/x86_64-linux-gnu/libXau.so.6.0.0
7f035ae0d000-7f035ae33000 r-xp 00000000 08:01 795316                     /usr/lib/x86_64-linux-gnu/libxcb.so.1.1.0
7f035ae33000-7f035b033000 ---p 00026000 08:01 795316                     /usr/lib/x86_64-linux-gnu/libxcb.so.1.1.0
7f035b033000-7f035b034000 r--p 00026000 08:01 795316                     /usr/lib/x86_64-linux-gnu/libxcb.so.1.1.0
7f035b034000-7f035b035000 rw-p 00027000 08:01 795316                     /usr/lib/x86_64-linux-gnu/libxcb.so.1.1.0
7f035b035000-7f035b044000 r-xp 00000000 08:01 794163                     /usr/lib/x86_64-linux-gnu/libXi.so.6.1.0
7f035b044000-7f035b243000 ---p 0000f000 08:01 794163                     /usr/lib/x86_64-linux-gnu/libXi.so.6.1.0
7f035b243000-7f035b244000 r--p 0000e000 08:01 794163                     /usr/lib/x86_64-linux-gnu/libXi.so.6.1.0
7f035b244000-7f035b245000 rw-p 0000f000 08:01 794163                     /usr/lib/x86_64-linux-gnu/libXi.so.6.1.0
7f035b245000-7f035b24a000 r-xp 00000000 08:01 794181                     /usr/lib/x86_64-linux-gnu/libXtst.so.6.1.0
7f035b24a000-7f035b449000 ---p 00005000 08:01 794181                     /usr/lib/x86_64-linux-gnu/libXtst.so.6.1.0
7f035b449000-7f035b44a000 r--p 00004000 08:01 794181                     /usr/lib/x86_64-linux-gnu/libXtst.so.6.1.0
7f035b44a000-7f035b44b000 rw-p 00005000 08:01 794181                     /usr/lib/x86_64-linux-gnu/libXtst.so.6.1.0
7f035b44b000-7f035b454000 r-xp 00000000 08:01 794175                     /usr/lib/x86_64-linux-gnu/libXrender.so.1.3.0
7f035b454000-7f035b653000 ---p 00009000 08:01 794175                     /usr/lib/x86_64-linux-gnu/libXrender.so.1.3.0
7f035b653000-7f035b654000 r--p 00008000 08:01 794175                     /usr/lib/x86_64-linux-gnu/libXrender.so.1.3.0
7f035b654000-7f035b655000 rw-p 00009000 08:01 794175                     /usr/lib/x86_64-linux-gnu/libXrender.so.1.3.0
7f035b655000-7f035b788000 r-xp 00000000 08:01 794138                     /usr/lib/x86_64-linux-gnu/libX11.so.6.3.0
7f035b788000-7f035b988000 ---p 00133000 08:01 794138                     /usr/lib/x86_64-linux-gnu/libX11.so.6.3.0
7f035b988000-7f035b989000 r--p 00133000 08:01 794138                     /usr/lib/x86_64-linux-gnu/libX11.so.6.3.0
7f035b989000-7f035b98d000 rw-p 00134000 08:01 794138                     /usr/lib/x86_64-linux-gnu/libX11.so.6.3.0
7f035b98d000-7f035b99e000 r-xp 00000000 08:01 794155                     /usr/lib/x86_64-linux-gnu/libXext.so.6.4.0
7f035b99e000-7f035bb9d000 ---p 00011000 08:01 794155                     /usr/lib/x86_64-linux-gnu/libXext.so.6.4.0
7f035bb9d000-7f035bb9e000 r--p 00010000 08:01 794155                     /usr/lib/x86_64-linux-gnu/libXext.so.6.4.0
7f035bb9e000-7f035bb9f000 rw-p 00011000 08:01 794155                     /usr/lib/x86_64-linux-gnu/libXext.so.6.4.0
7f035bb9f000-7f035bbfb000 r-xp 00000000 08:01 525157                     /usr/local/jdk8u222-b10/jre/lib/amd64/libawt_xawt.so
7f035bbfb000-7f035bdfa000 ---p 0005c000 08:01 525157                     /usr/local/jdk8u222-b10/jre/lib/amd64/libawt_xawt.so
7f035bdfa000-7f035bdfb000 r--p 0005b000 08:01 525157                     /usr/local/jdk8u222-b10/jre/lib/amd64/libawt_xawt.so
7f035bdfb000-7f035bdfe000 rw-p 0005c000 08:01 525157                     /usr/local/jdk8u222-b10/jre/lib/amd64/libawt_xawt.so
7f035bdfe000-7f035c000000 rw-p 00000000 00:00 0 
7f035c000000-7f035c021000 rw-p 00000000 00:00 0 
7f035c021000-7f0360000000 ---p 00000000 00:00 0 
7f0360000000-7f0360021000 rw-p 00000000 00:00 0 
7f0360021000-7f0364000000 ---p 00000000 00:00 0 
7f0364000000-7f0365ac3000 rw-p 00000000 00:00 0 
7f0365ac3000-7f0368000000 ---p 00000000 00:00 0 
7f0368000000-7f0368d7b000 rw-p 00000000 00:00 0 
7f0368d7b000-7f036c000000 ---p 00000000 00:00 0 
7f036c000000-7f036c021000 rw-p 00000000 00:00 0 
7f036c021000-7f0370000000 ---p 00000000 00:00 0 
7f0370000000-7f037171d000 rw-p 00000000 00:00 0 
7f037171d000-7f0374000000 ---p 00000000 00:00 0 
7f0374000000-7f0374021000 rw-p 00000000 00:00 0 
7f0374021000-7f0378000000 ---p 00000000 00:00 0 
7f0378000000-7f0378021000 rw-p 00000000 00:00 0 
7f0378021000-7f037c000000 ---p 00000000 00:00 0 
7f037c000000-7f037c021000 rw-p 00000000 00:00 0 
7f037c021000-7f0380000000 ---p 00000000 00:00 0 
7f0380000000-7f03802df000 rw-p 00000000 00:00 0 
7f03802df000-7f0384000000 ---p 00000000 00:00 0 
7f0384000000-7f0384021000 rw-p 00000000 00:00 0 
7f0384021000-7f0388000000 ---p 00000000 00:00 0 
7f0388000000-7f0388007000 r--s 00041000 08:01 4588639                    /home/avbravo/.m2/repository/org/apache/httpcomponents/httpclient/4.0.2/httpclient-4.0.2.jar
7f0388007000-7f038801f000 r--s 00115000 08:01 4588636                    /home/avbravo/.m2/repository/xerces/xercesImpl/2.9.1/xercesImpl-2.9.1.jar
7f038801f000-7f0388023000 r--s 00022000 08:01 4588632                    /home/avbravo/.m2/repository/org/apache/maven/doxia/doxia-core/1.2/doxia-core-1.2.jar
7f0388023000-7f0388024000 r--s 00004000 08:01 4588631                    /home/avbravo/.m2/repository/org/apache/maven/reporting/maven-reporting-impl/2.3/maven-reporting-impl-2.3.jar
7f0388024000-7f0388025000 r--s 00002000 08:01 4065437                    /home/avbravo/.m2/repository/org/apache/maven/reporting/maven-reporting-api/3.0/maven-reporting-api-3.0.jar
7f0388025000-7f0388028000 r--s 00026000 08:01 4588624                    /home/avbravo/.m2/repository/org/apache/maven/plugins/maven-dependency-plugin/3.1.1/maven-dependency-plugin-3.1.1.jar
7f0388028000-7f0388029000 r--s 00002000 08:01 4588622                    /home/avbravo/.m2/repository/org/slf4j/slf4j-simple/1.7.22/slf4j-simple-1.7.22.jar
7f0388029000-7f038802c000 r--s 00034000 08:01 4458190                    /home/avbravo/.m2/repository/org/codehaus/plexus/plexus-utils/2.1/plexus-utils-2.1.jar
7f038802c000-7f038802e000 r--s 00002000 08:01 4065398                    /home/avbravo/.m2/repository/org/sonatype/plexus/plexus-cipher/1.4/plexus-cipher-1.4.jar
7f038802e000-7f038802f000 r--s 00006000 08:01 3934402                    /home/avbravo/.m2/repository/org/sonatype/plexus/plexus-sec-dispatcher/1.3/plexus-sec-dispatcher-1.3.jar
7f038802f000-7f0388031000 r--s 0000d000 08:01 2505513                    /home/avbravo/.m2/repository/org/codehaus/plexus/plexus-interpolation/1.14/plexus-interpolation-1.14.jar
7f0388031000-7f0388050000 r--s 00152000 08:01 4588617                    /home/avbravo/.m2/repository/org/sonatype/sisu/sisu-guava/0.9.9/sisu-guava-0.9.9.jar
7f0388050000-7f0388058000 r--s 00050000 08:01 4588616                    /home/avbravo/.m2/repository/org/sonatype/sisu/sisu-guice/3.1.0/sisu-guice-3.1.0-no_aop.jar
7f0388058000-7f038805f000 r--s 00040000 08:01 4588614                    /home/avbravo/.m2/repository/org/sonatype/sisu/sisu-inject-bean/2.3.0/sisu-inject-bean-2.3.0.jar
7f038805f000-7f0388063000 r--s 0001c000 08:01 4588610                    /home/avbravo/.m2/repository/org/sonatype/aether/aether-util/1.13.1/aether-util-1.13.1.jar
7f0388063000-7f0388065000 r--s 00002000 08:01 1707917                    /home/avbravo/.m2/repository/org/twdata/maven/mojo-executor/2.3.0/mojo-executor-2.3.0.jar
7f0388065000-7f0388066000 r--s 0000b000 08:01 4457546                    /home/avbravo/.m2/repository/fish/payara/maven/plugins/payara-micro-maven-plugin/1.0.6/payara-micro-maven-plugin-1.0.6.jar
7f0388066000-7f038806d000 r--s 00000000 08:01 1051457                    /usr/lib/x86_64-linux-gnu/gconv/gconv-modules.cache
7f038806d000-7f0388091000 r--p 00000000 08:01 2492154                    /usr/share/locale-langpack/es/LC_MESSAGES/libc.mo
7f0388091000-7f0388132000 r-xp 00000000 08:01 525150                     /usr/local/jdk8u222-b10/jre/lib/amd64/libawt.so
7f0388132000-7f0388331000 ---p 000a1000 08:01 525150                     /usr/local/jdk8u222-b10/jre/lib/amd64/libawt.so
7f0388331000-7f0388332000 r--p 000a0000 08:01 525150                     /usr/local/jdk8u222-b10/jre/lib/amd64/libawt.so
7f0388332000-7f038833d000 rw-p 000a1000 08:01 525150                     /usr/local/jdk8u222-b10/jre/lib/amd64/libawt.so
7f038833d000-7f0388362000 rw-p 00000000 00:00 0 
7f0388362000-7f0388367000 r--s 002f9000 08:01 525092                     /usr/local/jdk8u222-b10/jre/lib/charsets.jar
7f0388367000-7f0388369000 r--s 00007000 08:01 4457536                    /home/avbravo/.m2/repository/org/apache/maven/shared/maven-filtering/1.0-beta-2/maven-filtering-1.0-beta-2.jar
7f0388369000-7f038836d000 r--s 00035000 08:01 4457462                    /home/avbravo/.m2/repository/org/codehaus/plexus/plexus-utils/3.0.8/plexus-utils-3.0.8.jar
7f038836d000-7f038836f000 r--s 00005000 08:01 4457522                    /home/avbravo/.m2/repository/xpp3/xpp3_min/1.1.4c/xpp3_min-1.1.4c.jar
7f038836f000-7f0388370000 r--s 00001000 08:01 4457531                    /home/avbravo/.m2/repository/xmlpull/xmlpull/1.1.3.1/xmlpull-1.1.3.1.jar
7f0388370000-7f038837c000 r--s 0006a000 08:01 4457529                    /home/avbravo/.m2/repository/com/thoughtworks/xstream/xstream/1.4.3/xstream-1.4.3.jar
7f038837c000-7f038837e000 r--s 0000d000 08:01 4457527                    /home/avbravo/.m2/repository/org/codehaus/plexus/plexus-interpolation/1.15/plexus-interpolation-1.15.jar
7f038837e000-7f0388383000 r--s 00029000 08:01 4457289                    /home/avbravo/.m2/repository/org/codehaus/plexus/plexus-archiver/2.2/plexus-archiver-2.2.jar
7f0388383000-7f0388386000 r--s 0000c000 08:01 4457525                    /home/avbravo/.m2/repository/org/codehaus/plexus/plexus-io/2.0.5/plexus-io-2.0.5.jar
7f0388386000-7f0388388000 r--s 00004000 08:01 4457524                    /home/avbravo/.m2/repository/org/apache/maven/maven-archiver/2.5/maven-archiver-2.5.jar
7f0388388000-7f038838a000 r--s 00013000 08:01 1707884                    /home/avbravo/.m2/repository/org/apache/maven/plugins/maven-war-plugin/2.3/maven-war-plugin-2.3.jar
7f038838a000-7f038838d000 r--s 0001b000 08:01 4457420                    /home/avbravo/.m2/repository/junit/junit/3.8.2/junit-3.8.2.jar
7f038838d000-7f038839b000 r--s 0008f000 08:01 4457419                    /home/avbravo/.m2/repository/com/google/collections/google-collections/1.0/google-collections-1.0.jar
7f038839b000-7f038839c000 r--s 0000a000 08:01 4457418                    /home/avbravo/.m2/repository/commons-logging/commons-logging-api/1.1/commons-logging-api-1.1.jar
7f038839c000-7f03883a3000 r--s 00051000 08:01 4457406                    /home/avbravo/.m2/repository/log4j/log4j/1.2.12/log4j-1.2.12.jar
7f03883a3000-7f03883a7000 r--s 0001d000 08:01 2368327                    /home/avbravo/.m2/repository/org/apache/xbean/xbean-reflect/3.4/xbean-reflect-3.4.jar
7f03883a7000-7f03883a8000 r--s 00004000 08:01 4457409                    /home/avbravo/.m2/repository/org/codehaus/plexus/plexus-compiler-javac/2.2/plexus-compiler-javac-2.2.jar
7f03883a8000-7f03883aa000 r--s 00000000 08:01 4457408                    /home/avbravo/.m2/repository/org/codehaus/plexus/plexus-compiler-manager/2.2/plexus-compiler-manager-2.2.jar
7f03883aa000-7f03883ac000 r--s 00005000 08:01 4457407                    /home/avbravo/.m2/repository/org/codehaus/plexus/plexus-compiler-api/2.2/plexus-compiler-api-2.2.jar
7f03883ac000-7f03883ae000 r--s 00000000 08:01 2104296                    /home/avbravo/.m2/repository/org/codehaus/plexus/plexus-component-annotations/1.5.5/plexus-component-annotations-1.5.5.jar
7f03883ae000-7f03883b0000 r--s 00002000 08:01 4457400                    /home/avbravo/.m2/repository/org/apache/maven/shared/maven-shared-incremental/1.1/maven-shared-incremental-1.1.jar
7f03883b0000-7f03883b2000 r--s 00006000 08:01 4457402                    /home/avbravo/.m2/repository/com/google/code/findbugs/jsr305/2.0.1/jsr305-2.0.1.jar
7f03883b2000-7f03883b5000 r--s 00023000 08:01 4457398                    /home/avbravo/.m2/repository/org/apache/maven/shared/maven-shared-utils/0.1/maven-shared-utils-0.1.jar
7f03883b5000-7f03883b9000 r--s 00030000 08:01 2756467                    /home/avbravo/.m2/repository/org/codehaus/plexus/plexus-utils/1.5.1/plexus-utils-1.5.1.jar
7f03883b9000-7f03883bb000 r--s 00009000 08:01 1575624                    /home/avbravo/.m2/repository/org/apache/maven/plugins/maven-compiler-plugin/3.1/maven-compiler-plugin-3.1.jar
7f03883bb000-7f03885bb000 rw-p 00000000 00:00 0 
7f03885bb000-7f03885bd000 r--s 0000d000 08:01 2505482                    /home/avbravo/.m2/repository/org/codehaus/plexus/plexus-interpolation/1.13/plexus-interpolation-1.13.jar
7f03885bd000-7f03885be000 r--s 00001000 08:01 4327689                    /home/avbravo/.m2/repository/org/sonatype/plexus/plexus-build-api/0.0.4/plexus-build-api-0.0.4.jar
7f03885be000-7f03885c0000 r--s 00009000 08:01 4457347                    /home/avbravo/.m2/repository/org/apache/maven/shared/maven-filtering/1.1/maven-filtering-1.1.jar
7f03885c0000-7f03885c4000 r--s 00033000 08:01 4457346                    /home/avbravo/.m2/repository/org/codehaus/plexus/plexus-utils/2.0.5/plexus-utils-2.0.5.jar
7f03885c4000-7f03885c7000 r--s 0001b000 08:01 2885631                    /home/avbravo/.m2/repository/junit/junit/3.8.1/junit-3.8.1.jar
7f03885c7000-7f03885c9000 r--s 00002000 08:01 3934431                    /home/avbravo/.m2/repository/org/codehaus/plexus/plexus-interactivity-api/1.0-alpha-4/plexus-interactivity-api-1.0-alpha-4.jar
7f03885c9000-7f03885cb000 r--s 00006000 08:01 3934428                    /home/avbravo/.m2/repository/commons-cli/commons-cli/1.0/commons-cli-1.0.jar
7f03885cb000-7f03885cc000 r--s 00001000 08:01 4457340                    /home/avbravo/.m2/repository/org/apache/maven/doxia/doxia-sink-api/1.0-alpha-7/doxia-sink-api-1.0-alpha-7.jar
7f03885cc000-7f03885ce000 r--s 00006000 08:01 2242970                    /home/avbravo/.m2/repository/org/apache/maven/plugins/maven-resources-plugin/2.6/maven-resources-plugin-2.6.jar
7f03885ce000-7f03885df000 r-xp 00000000 08:01 525171                     /usr/local/jdk8u222-b10/jre/lib/amd64/libnio.so
7f03885df000-7f03887de000 ---p 00011000 08:01 525171                     /usr/local/jdk8u222-b10/jre/lib/amd64/libnio.so
7f03887de000-7f03887df000 r--p 00010000 08:01 525171                     /usr/local/jdk8u222-b10/jre/lib/amd64/libnio.so
7f03887df000-7f03887e0000 rw-p 00011000 08:01 525171                     /usr/local/jdk8u222-b10/jre/lib/amd64/libnio.so
7f03887e0000-7f038b7e1000 rw-p 00000000 00:00 0 
7f038b7e1000-7f038b7f8000 r-xp 00000000 08:01 525167                     /usr/local/jdk8u222-b10/jre/lib/amd64/libnet.so
7f038b7f8000-7f038b9f7000 ---p 00017000 08:01 525167                     /usr/local/jdk8u222-b10/jre/lib/amd64/libnet.so
7f038b9f7000-7f038b9f8000 r--p 00016000 08:01 525167                     /usr/local/jdk8u222-b10/jre/lib/amd64/libnet.so
7f038b9f8000-7f038b9f9000 rw-p 00017000 08:01 525167                     /usr/local/jdk8u222-b10/jre/lib/amd64/libnet.so
7f038b9f9000-7f038bbf9000 rw-p 00000000 00:00 0 
7f038bbf9000-7f038bbfe000 r--s 000a3000 08:01 525125                     /usr/local/jdk8u222-b10/jre/lib/jsse.jar
7f038bbfe000-7f038bdfe000 rw-p 00000000 00:00 0 
7f038bdfe000-7f038bffe000 rw-p 00000000 00:00 0 
7f038bffe000-7f038c000000 r--s 0000d000 08:01 656740                     /home/avbravo/netbeans11.2/java/maven-nblib/netbeans-eventspy.jar
7f038c000000-7f038c021000 rw-p 00000000 00:00 0 
7f038c021000-7f0390000000 ---p 00000000 00:00 0 
7f0390000000-7f0390001000 r--s 00002000 08:01 4457337                    /home/avbravo/.m2/repository/org/apache/maven/reporting/maven-reporting-api/2.0.6/maven-reporting-api-2.0.6.jar
7f0390001000-7f039000b000 r--s 00116000 08:01 525120                     /usr/local/jdk8u222-b10/jre/lib/ext/localedata.jar
7f039000b000-7f039000f000 r--s 00027000 08:01 656749                     /home/avbravo/netbeans11.2/java/maven/lib/aether-impl-1.0.2.v20150114.jar
7f039000f000-7f039001c000 r--s 0008f000 08:01 656781                     /home/avbravo/netbeans11.2/java/maven/lib/maven-core-3.3.9.jar
7f039001c000-7f039001d000 r--s 00003000 08:01 656777                     /home/avbravo/netbeans11.2/java/maven/lib/maven-builder-support-3.3.9.jar
7f039001d000-7f0390021000 r--s 00027000 08:01 656761                     /home/avbravo/netbeans11.2/java/maven/lib/commons-io-2.2.jar
7f0390021000-7f0390024000 r--s 00026000 08:01 656785                     /home/avbravo/netbeans11.2/java/maven/lib/maven-model-3.3.9.jar
7f0390024000-7f0390026000 r--s 00002000 08:01 656801                     /home/avbravo/netbeans11.2/java/maven/lib/plexus-cipher-1.7.jar
7f0390026000-7f039002d000 r--s 00064000 08:01 656763                     /home/avbravo/netbeans11.2/java/maven/lib/commons-lang3-3.4.jar
7f039002d000-7f0390036000 r--s 0005f000 08:01 656767                     /home/avbravo/netbeans11.2/java/maven/lib/guice-4.0-no_aop.jar
7f0390036000-7f039003c000 r--s 0002d000 08:01 656799                     /home/avbravo/netbeans11.2/java/maven/lib/org.eclipse.sisu.plexus-0.3.2.jar
7f039003c000-7f039003f000 r--s 0000d000 08:01 656804                     /home/avbravo/netbeans11.2/java/maven/lib/plexus-interpolation-1.21.jar
7f039003f000-7f0390040000 r--s 00001000 08:01 656771                     /home/avbravo/netbeans11.2/java/maven/lib/jsr250-api-1.0.jar
7f0390040000-7f0390042000 r--s 00005000 08:01 656808                     /home/avbravo/netbeans11.2/java/maven/lib/slf4j-api-1.7.5.jar
7f0390042000-7f0390044000 r--s 00000000 08:01 656757                     /home/avbravo/netbeans11.2/java/maven/lib/aopalliance-1.0.jar
7f0390044000-7f0390046000 r--s 0000a000 08:01 656789                     /home/avbravo/netbeans11.2/java/maven/lib/maven-plugin-api-3.3.9.jar
7f0390046000-7f039004a000 r--s 00038000 08:01 656807                     /home/avbravo/netbeans11.2/java/maven/lib/plexus-utils-3.0.22.jar
7f039004a000-7f039004c000 r--s 00005000 08:01 656753                     /home/avbravo/netbeans11.2/java/maven/lib/aether-transport-wagon-1.0.2.v20150114.jar
7f039004c000-7f039004e000 r--s 00009000 08:01 656760                     /home/avbravo/netbeans11.2/java/maven/lib/commons-cli-1.2.jar
7f039004e000-7f039004f000 r--s 00006000 08:01 656791                     /home/avbravo/netbeans11.2/java/maven/lib/maven-repository-metadata-3.3.9.jar
7f039004f000-7f0390054000 r--s 0001d000 08:01 656745                     /home/avbravo/netbeans11.2/java/maven/lib/aether-api-1.0.2.v20150114.jar
7f0390054000-7f0390057000 r--s 00008000 08:01 656758                     /home/avbravo/netbeans11.2/java/maven/lib/cdi-api-1.0.jar
7f0390057000-7f0390059000 r--s 0000c000 08:01 656775                     /home/avbravo/netbeans11.2/java/maven/lib/maven-artifact-3.3.9.jar
7f0390059000-7f039005f000 r--s 00042000 08:01 656769                     /home/avbravo/netbeans11.2/java/maven/lib/jsoup-1.7.2.jar
7f039005f000-7f039008a000 r--s 001fc000 08:01 656766                     /home/avbravo/netbeans11.2/java/maven/lib/guava-18.0.jar
7f039008a000-7f03900b8000 r--s 001fa000 08:01 656814                     /home/avbravo/netbeans11.2/java/maven/lib/wagon-http-2.10-shaded.jar
7f03900b8000-7f03900b9000 ---p 00000000 00:00 0 
7f03900b9000-7f03901b9000 rw-p 00000000 00:00 0 
7f03901b9000-7f03901bc000 ---p 00000000 00:00 0 
7f03901bc000-7f03902ba000 rw-p 00000000 00:00 0 
7f03902ba000-7f03902bb000 ---p 00000000 00:00 0 
7f03902bb000-7f03902be000 ---p 00000000 00:00 0 
7f03902be000-7f03903bb000 rw-p 00000000 00:00 0 
7f03903bb000-7f03903bc000 ---p 00000000 00:00 0 
7f03903bc000-7f03903bf000 ---p 00000000 00:00 0 
7f03903bf000-7f03904bc000 rw-p 00000000 00:00 0 
7f03904bc000-7f03904bd000 ---p 00000000 00:00 0 
7f03904bd000-7f03904c0000 ---p 00000000 00:00 0 
7f03904c0000-7f03905bd000 rw-p 00000000 00:00 0 
7f03905bd000-7f03905c0000 ---p 00000000 00:00 0 
7f03905c0000-7f03906be000 rw-p 00000000 00:00 0 
7f03906be000-7f039108d000 r--p 00000000 08:01 793096                     /usr/lib/locale/locale-archive
7f039108d000-7f0391090000 ---p 00000000 00:00 0 
7f0391090000-7f039118e000 rw-p 00000000 00:00 0 
7f039118e000-7f0391191000 ---p 00000000 00:00 0 
7f0391191000-7f039128f000 rw-p 00000000 00:00 0 
7f039128f000-7f0391290000 ---p 00000000 00:00 0 
7f0391290000-7f0394000000 rw-p 00000000 00:00 0 
7f0394000000-7f0394021000 rw-p 00000000 00:00 0 
7f0394021000-7f0398000000 ---p 00000000 00:00 0 
7f0398000000-7f0398002000 r--s 00009000 08:01 656794                     /home/avbravo/netbeans11.2/java/maven/lib/maven-settings-builder-3.3.9.jar
7f0398002000-7f0398004000 r--s 0000f000 08:01 656773                     /home/avbravo/netbeans11.2/java/maven/lib/maven-aether-provider-3.3.9.jar
7f0398004000-7f0398009000 r--s 00027000 08:01 656786                     /home/avbravo/netbeans11.2/java/maven/lib/maven-model-builder-3.3.9.jar
7f0398009000-7f039800d000 r--s 00020000 08:01 656755                     /home/avbravo/netbeans11.2/java/maven/lib/aether-util-1.0.2.v20150114.jar
7f039800d000-7f0398012000 r--s 00041000 08:01 656762                     /home/avbravo/netbeans11.2/java/maven/lib/commons-lang-2.6.jar
7f0398012000-7f0398014000 r--s 00000000 08:01 656803                     /home/avbravo/netbeans11.2/java/maven/lib/plexus-component-annotations-1.6.jar
7f0398014000-7f0398017000 r--s 00013000 08:01 656783                     /home/avbravo/netbeans11.2/java/maven/lib/maven-embedder-3.3.9.jar
7f0398017000-7f0398059000 rw-p 00000000 00:00 0 
7f0398059000-7f0398228000 r--s 03c5c000 08:01 525135                     /usr/local/jdk8u222-b10/jre/lib/rt.jar
7f0398228000-7f0398bfc000 rw-p 00000000 00:00 0 
7f0398bfc000-7f0398bfd000 ---p 00000000 00:00 0 
7f0398bfd000-7f0398cfd000 rw-p 00000000 00:00 0 
7f0398cfd000-7f0398cfe000 ---p 00000000 00:00 0 
7f0398cfe000-7f0398dfe000 rw-p 00000000 00:00 0 
7f0398dfe000-7f0398dff000 ---p 00000000 00:00 0 
7f0398dff000-7f0398eff000 rw-p 00000000 00:00 0 
7f0398eff000-7f0398f00000 ---p 00000000 00:00 0 
7f0398f00000-7f0399000000 rw-p 00000000 00:00 0 
7f0399000000-7f0399b50000 rwxp 00000000 00:00 0 
7f0399b50000-7f03a8000000 ---p 00000000 00:00 0 
7f03a8000000-7f03a9386000 rw-p 00000000 00:00 0 
7f03a9386000-7f03ac000000 ---p 00000000 00:00 0 
7f03ac000000-7f03ac001000 r--s 00002000 08:01 656812                     /home/avbravo/netbeans11.2/java/maven/lib/wagon-file-2.10.jar
7f03ac001000-7f03ac009000 r--s 00055000 08:01 656797                     /home/avbravo/netbeans11.2/java/maven/lib/org.eclipse.sisu.inject-0.3.2.jar
7f03ac009000-7f03ac00f000 r--s 00041000 08:01 656779                     /home/avbravo/netbeans11.2/java/maven/lib/maven-compat-3.3.9.jar
7f03ac00f000-7f03ac0db000 rw-p 00000000 00:00 0 
7f03ac0db000-7f03ac1ff000 ---p 00000000 00:00 0 
7f03ac1ff000-7f03ac213000 rw-p 00000000 00:00 0 
7f03ac213000-7f03ac337000 ---p 00000000 00:00 0 
7f03ac337000-7f03ac37e000 rw-p 00000000 00:00 0 
7f03ac37e000-7f03ac3d3000 ---p 00000000 00:00 0 
7f03ac3d3000-7f03ac402000 rw-p 00000000 00:00 0 
7f03ac402000-7f03ac794000 ---p 00000000 00:00 0 
7f03ac794000-7f03ac7af000 r-xp 00000000 08:01 525144                     /usr/local/jdk8u222-b10/jre/lib/amd64/libzip.so
7f03ac7af000-7f03ac9ae000 ---p 0001b000 08:01 525144                     /usr/local/jdk8u222-b10/jre/lib/amd64/libzip.so
7f03ac9ae000-7f03ac9af000 r--p 0001a000 08:01 525144                     /usr/local/jdk8u222-b10/jre/lib/amd64/libzip.so
7f03ac9af000-7f03ac9b0000 rw-p 0001b000 08:01 525144                     /usr/local/jdk8u222-b10/jre/lib/amd64/libzip.so
7f03ac9b0000-7f03ac9bb000 r-xp 00000000 08:01 9180209                    /lib/x86_64-linux-gnu/libnss_files-2.27.so
7f03ac9bb000-7f03acbba000 ---p 0000b000 08:01 9180209                    /lib/x86_64-linux-gnu/libnss_files-2.27.so
7f03acbba000-7f03acbbb000 r--p 0000a000 08:01 9180209                    /lib/x86_64-linux-gnu/libnss_files-2.27.so
7f03acbbb000-7f03acbbc000 rw-p 0000b000 08:01 9180209                    /lib/x86_64-linux-gnu/libnss_files-2.27.so
7f03acbbc000-7f03acbc2000 rw-p 00000000 00:00 0 
7f03acbc2000-7f03acbd9000 r-xp 00000000 08:01 9180203                    /lib/x86_64-linux-gnu/libnsl-2.27.so
7f03acbd9000-7f03acdd8000 ---p 00017000 08:01 9180203                    /lib/x86_64-linux-gnu/libnsl-2.27.so
7f03acdd8000-7f03acdd9000 r--p 00016000 08:01 9180203                    /lib/x86_64-linux-gnu/libnsl-2.27.so
7f03acdd9000-7f03acdda000 rw-p 00017000 08:01 9180203                    /lib/x86_64-linux-gnu/libnsl-2.27.so
7f03acdda000-7f03acddc000 rw-p 00000000 00:00 0 
7f03acddc000-7f03acde7000 r-xp 00000000 08:01 9180220                    /lib/x86_64-linux-gnu/libnss_nis-2.27.so
7f03acde7000-7f03acfe6000 ---p 0000b000 08:01 9180220                    /lib/x86_64-linux-gnu/libnss_nis-2.27.so
7f03acfe6000-7f03acfe7000 r--p 0000a000 08:01 9180220                    /lib/x86_64-linux-gnu/libnss_nis-2.27.so
7f03acfe7000-7f03acfe8000 rw-p 0000b000 08:01 9180220                    /lib/x86_64-linux-gnu/libnss_nis-2.27.so
7f03acfe8000-7f03acff0000 r-xp 00000000 08:01 9180205                    /lib/x86_64-linux-gnu/libnss_compat-2.27.so
7f03acff0000-7f03ad1f0000 ---p 00008000 08:01 9180205                    /lib/x86_64-linux-gnu/libnss_compat-2.27.so
7f03ad1f0000-7f03ad1f1000 r--p 00008000 08:01 9180205                    /lib/x86_64-linux-gnu/libnss_compat-2.27.so
7f03ad1f1000-7f03ad1f2000 rw-p 00009000 08:01 9180205                    /lib/x86_64-linux-gnu/libnss_compat-2.27.so
7f03ad1f2000-7f03ad21b000 r-xp 00000000 08:01 525146                     /usr/local/jdk8u222-b10/jre/lib/amd64/libjava.so
7f03ad21b000-7f03ad41a000 ---p 00029000 08:01 525146                     /usr/local/jdk8u222-b10/jre/lib/amd64/libjava.so
7f03ad41a000-7f03ad41b000 r--p 00028000 08:01 525146                     /usr/local/jdk8u222-b10/jre/lib/amd64/libjava.so
7f03ad41b000-7f03ad41d000 rw-p 00029000 08:01 525146                     /usr/local/jdk8u222-b10/jre/lib/amd64/libjava.so
7f03ad41d000-7f03ad42d000 r-xp 00000000 08:01 525148                     /usr/local/jdk8u222-b10/jre/lib/amd64/libverify.so
7f03ad42d000-7f03ad62c000 ---p 00010000 08:01 525148                     /usr/local/jdk8u222-b10/jre/lib/amd64/libverify.so
7f03ad62c000-7f03ad62e000 r--p 0000f000 08:01 525148                     /usr/local/jdk8u222-b10/jre/lib/amd64/libverify.so
7f03ad62e000-7f03ad62f000 rw-p 00011000 08:01 525148                     /usr/local/jdk8u222-b10/jre/lib/amd64/libverify.so
7f03ad62f000-7f03ad636000 r-xp 00000000 08:01 9180260                    /lib/x86_64-linux-gnu/librt-2.27.so
7f03ad636000-7f03ad835000 ---p 00007000 08:01 9180260                    /lib/x86_64-linux-gnu/librt-2.27.so
7f03ad835000-7f03ad836000 r--p 00006000 08:01 9180260                    /lib/x86_64-linux-gnu/librt-2.27.so
7f03ad836000-7f03ad837000 rw-p 00007000 08:01 9180260                    /lib/x86_64-linux-gnu/librt-2.27.so
7f03ad837000-7f03ad9d4000 r-xp 00000000 08:01 9180182                    /lib/x86_64-linux-gnu/libm-2.27.so
7f03ad9d4000-7f03adbd3000 ---p 0019d000 08:01 9180182                    /lib/x86_64-linux-gnu/libm-2.27.so
7f03adbd3000-7f03adbd4000 r--p 0019c000 08:01 9180182                    /lib/x86_64-linux-gnu/libm-2.27.so
7f03adbd4000-7f03adbd5000 rw-p 0019d000 08:01 9180182                    /lib/x86_64-linux-gnu/libm-2.27.so
7f03adbd5000-7f03ae7e0000 r-xp 00000000 08:01 525153                     /usr/local/jdk8u222-b10/jre/lib/amd64/server/libjvm.so
7f03ae7e0000-7f03ae9e0000 ---p 00c0b000 08:01 525153                     /usr/local/jdk8u222-b10/jre/lib/amd64/server/libjvm.so
7f03ae9e0000-7f03aea80000 r--p 00c0b000 08:01 525153                     /usr/local/jdk8u222-b10/jre/lib/amd64/server/libjvm.so
7f03aea80000-7f03aeaa9000 rw-p 00cab000 08:01 525153                     /usr/local/jdk8u222-b10/jre/lib/amd64/server/libjvm.so
7f03aeaa9000-7f03aeaed000 rw-p 00000000 00:00 0 
7f03aeaed000-7f03aecd4000 r-xp 00000000 08:01 9180119                    /lib/x86_64-linux-gnu/libc-2.27.so
7f03aecd4000-7f03aeed4000 ---p 001e7000 08:01 9180119                    /lib/x86_64-linux-gnu/libc-2.27.so
7f03aeed4000-7f03aeed8000 r--p 001e7000 08:01 9180119                    /lib/x86_64-linux-gnu/libc-2.27.so
7f03aeed8000-7f03aeeda000 rw-p 001eb000 08:01 9180119                    /lib/x86_64-linux-gnu/libc-2.27.so
7f03aeeda000-7f03aeede000 rw-p 00000000 00:00 0 
7f03aeede000-7f03aeee1000 r-xp 00000000 08:01 9180142                    /lib/x86_64-linux-gnu/libdl-2.27.so
7f03aeee1000-7f03af0e0000 ---p 00003000 08:01 9180142                    /lib/x86_64-linux-gnu/libdl-2.27.so
7f03af0e0000-7f03af0e1000 r--p 00002000 08:01 9180142                    /lib/x86_64-linux-gnu/libdl-2.27.so
7f03af0e1000-7f03af0e2000 rw-p 00003000 08:01 9180142                    /lib/x86_64-linux-gnu/libdl-2.27.so
7f03af0e2000-7f03af0f8000 r-xp 00000000 08:01 525214                     /usr/local/jdk8u222-b10/lib/amd64/jli/libjli.so
7f03af0f8000-7f03af2f7000 ---p 00016000 08:01 525214                     /usr/local/jdk8u222-b10/lib/amd64/jli/libjli.so
7f03af2f7000-7f03af2f8000 r--p 00015000 08:01 525214                     /usr/local/jdk8u222-b10/lib/amd64/jli/libjli.so
7f03af2f8000-7f03af2f9000 rw-p 00016000 08:01 525214                     /usr/local/jdk8u222-b10/lib/amd64/jli/libjli.so
7f03af2f9000-7f03af313000 r-xp 00000000 08:01 9180252                    /lib/x86_64-linux-gnu/libpthread-2.27.so
7f03af313000-7f03af512000 ---p 0001a000 08:01 9180252                    /lib/x86_64-linux-gnu/libpthread-2.27.so
7f03af512000-7f03af513000 r--p 00019000 08:01 9180252                    /lib/x86_64-linux-gnu/libpthread-2.27.so
7f03af513000-7f03af514000 rw-p 0001a000 08:01 9180252                    /lib/x86_64-linux-gnu/libpthread-2.27.so
7f03af514000-7f03af518000 rw-p 00000000 00:00 0 
7f03af518000-7f03af53f000 r-xp 00000000 08:01 9180091                    /lib/x86_64-linux-gnu/ld-2.27.so
7f03af53f000-7f03af540000 r--s 0000a000 08:01 656793                     /home/avbravo/netbeans11.2/java/maven/lib/maven-settings-3.3.9.jar
7f03af540000-7f03af543000 r--s 0000b000 08:01 656818                     /home/avbravo/netbeans11.2/java/maven/lib/wagon-provider-api-2.10.jar
7f03af543000-7f03af627000 rw-p 00000000 00:00 0 
7f03af627000-7f03af628000 ---p 00000000 00:00 0 
7f03af628000-7f03af62b000 ---p 00000000 00:00 0 
7f03af62b000-7f03af72c000 rw-p 00000000 00:00 0 
7f03af72c000-7f03af72d000 r--s 00008000 08:01 656747                     /home/avbravo/netbeans11.2/java/maven/lib/aether-connector-basic-1.0.2.v20150114.jar
7f03af72d000-7f03af72e000 r--s 00002000 08:01 656815                     /home/avbravo/netbeans11.2/java/maven/lib/wagon-http-shared-2.10.jar
7f03af72e000-7f03af72f000 r--s 00000000 08:01 656768                     /home/avbravo/netbeans11.2/java/maven/lib/javax.inject-1.jar
7f03af72f000-7f03af730000 r--s 00006000 08:01 656805                     /home/avbravo/netbeans11.2/java/maven/lib/plexus-sec-dispatcher-1.3.jar
7f03af730000-7f03af732000 r--s 00006000 08:01 656751                     /home/avbravo/netbeans11.2/java/maven/lib/aether-spi-1.0.2.v20150114.jar
7f03af732000-7f03af733000 r--s 00002000 08:01 656810                     /home/avbravo/netbeans11.2/java/maven/lib/slf4j-simple-1.7.5.jar
7f03af733000-7f03af735000 r--s 0000b000 08:01 656741                     /home/avbravo/netbeans11.2/java/maven/boot/plexus-classworlds-2.5.2.jar
7f03af735000-7f03af73d000 rw-s 00000000 08:01 14551401                   /tmp/hsperfdata_avbravo/11218
7f03af73d000-7f03af73e000 rw-p 00000000 00:00 0 
7f03af73e000-7f03af73f000 ---p 00000000 00:00 0 
7f03af73f000-7f03af740000 r--p 00027000 08:01 9180091                    /lib/x86_64-linux-gnu/ld-2.27.so
7f03af740000-7f03af741000 rw-p 00028000 08:01 9180091                    /lib/x86_64-linux-gnu/ld-2.27.so
7f03af741000-7f03af742000 rw-p 00000000 00:00 0 
7ffffa799000-7ffffa7ba000 rw-p 00000000 00:00 0                          [stack]
7ffffa7e4000-7ffffa7e7000 r--p 00000000 00:00 0                          [vvar]
7ffffa7e7000-7ffffa7e8000 r-xp 00000000 00:00 0                          [vdso]
ffffffffff600000-ffffffffff601000 r-xp 00000000 00:00 0                  [vsyscall]

VM Arguments:
jvm_args: -Dclassworlds.conf=/home/avbravo/netbeans11.2/java/maven/bin/m2.conf -Dmaven.home=/home/avbravo/netbeans11.2/java/maven -Dmaven.multiModuleProjectDirectory=/home/avbravo/NetBeansProjects/microserviciossqlserver/microservicesfiscalsqlserver 
java_command: org.codehaus.plexus.classworlds.launcher.Launcher -Dmaven.ext.class.path=/home/avbravo/netbeans11.2/java/maven-nblib/netbeans-eventspy.jar resources:resources compiler:compile war:exploded payara-micro:stop payara-micro:start
java_class_path (initial): /home/avbravo/netbeans11.2/java/maven/boot/plexus-classworlds-2.5.2.jar
Launcher Type: SUN_STANDARD

Environment Variables:
JAVA_HOME=/usr/local/jdk8u222-b10
JRE_HOME=/usr/local/jdk8u222-b10/jre
PATH=/usr/local/sbin:/usr/local/bin:/usr/sbin:/usr/bin:/sbin:/bin:/usr/games:/usr/local/games:/snap/bin:/usr/local/jdk8u222-b10/bin:/home/avbravo/netbeans11.2/java/maven/bin:/home/avbravo/mongodb/bin
USERNAME=avbravo
SHELL=/bin/bash
DISPLAY=:0

Signal Handlers:
SIGSEGV: [libjvm.so+0x9f7b80], sa_mask[0]=11111111011111111101111111111110, sa_flags=SA_RESTART|SA_SIGINFO
SIGBUS: [libjvm.so+0x9f7b80], sa_mask[0]=11111111011111111101111111111110, sa_flags=SA_RESTART|SA_SIGINFO
SIGFPE: [libjvm.so+0x85a040], sa_mask[0]=11111111011111111101111111111110, sa_flags=SA_RESTART|SA_SIGINFO
SIGPIPE: [libjvm.so+0x85a040], sa_mask[0]=11111111011111111101111111111110, sa_flags=SA_RESTART|SA_SIGINFO
SIGXFSZ: [libjvm.so+0x85a040], sa_mask[0]=11111111011111111101111111111110, sa_flags=SA_RESTART|SA_SIGINFO
SIGILL: [libjvm.so+0x85a040], sa_mask[0]=11111111011111111101111111111110, sa_flags=SA_RESTART|SA_SIGINFO
SIGUSR1: SIG_DFL, sa_mask[0]=00000000000000000000000000000000, sa_flags=none
SIGUSR2: [libjvm.so+0x859f10], sa_mask[0]=00100000000000000000000000000000, sa_flags=SA_RESTART|SA_SIGINFO
SIGHUP: [libjvm.so+0x85a100], sa_mask[0]=11111111011111111101111111111110, sa_flags=SA_RESTART|SA_SIGINFO
SIGINT: SIG_IGN, sa_mask[0]=00000000000000000000000000000000, sa_flags=none
SIGTERM: [libjvm.so+0x85a100], sa_mask[0]=11111111011111111101111111111110, sa_flags=SA_RESTART|SA_SIGINFO
SIGQUIT: [libjvm.so+0x85a100], sa_mask[0]=11111111011111111101111111111110, sa_flags=SA_RESTART|SA_SIGINFO


---------------  S Y S T E M  ---------------

OS:DISTRIB_ID=Ubuntu
DISTRIB_RELEASE=18.04
DISTRIB_CODENAME=bionic
DISTRIB_DESCRIPTION="Ubuntu 18.04.3 LTS"

uname:Linux 5.0.0-36-generic #39~18.04.1-Ubuntu SMP Tue Nov 12 11:09:50 UTC 2019 x86_64
libc:glibc 2.27 NPTL 2.27 
rlimit: STACK 8192k, CORE 0k, NPROC 14778, NOFILE 1048576, AS infinity
load average:1.51 2.08 2.05

/proc/meminfo:
MemTotal:        3831488 kB
MemFree:           90792 kB
MemAvailable:       5664 kB
Buffers:             588 kB
Cached:           221656 kB
SwapCached:        27036 kB
Active:          2854856 kB
Inactive:         597668 kB
Active(anon):    2852568 kB
Inactive(anon):   570620 kB
Active(file):       2288 kB
Inactive(file):    27048 kB
Unevictable:         528 kB
Mlocked:              48 kB
SwapTotal:       2097148 kB
SwapFree:              4 kB
Dirty:                52 kB
Writeback:             0 kB
AnonPages:       3204660 kB
Mapped:            34892 kB
Shmem:            192612 kB
KReclaimable:      43292 kB
Slab:             107284 kB
SReclaimable:      43292 kB
SUnreclaim:        63992 kB
KernelStack:       20016 kB
PageTables:        93200 kB
NFS_Unstable:          0 kB
Bounce:                0 kB
WritebackTmp:          0 kB
CommitLimit:     4012892 kB
Committed_AS:   15402536 kB
VmallocTotal:   34359738367 kB
VmallocUsed:           0 kB
VmallocChunk:          0 kB
Percpu:             2336 kB
HardwareCorrupted:     0 kB
AnonHugePages:         0 kB
ShmemHugePages:        0 kB
ShmemPmdMapped:        0 kB
CmaTotal:              0 kB
CmaFree:               0 kB
HugePages_Total:       0
HugePages_Free:        0
HugePages_Rsvd:        0
HugePages_Surp:        0
Hugepagesize:       2048 kB
Hugetlb:               0 kB
DirectMap4k:      254208 kB
DirectMap2M:     3733504 kB

container (cgroup) information:
container_type: cgroupv1
cpu_cpuset_cpus: 0-3
cpu_memory_nodes: 0
active_processor_count: 4
cpu_quota: -1
cpu_period: 100000
cpu_shares: -1
memory_limit_in_bytes: -1
memory_and_swap_limit_in_bytes: -2
memory_soft_limit_in_bytes: -1
memory_usage_in_bytes: 3537104896
memory_max_usage_in_bytes: 142520320


CPU:total 4 (initial active 4) (2 cores per cpu, 2 threads per core) family 6 model 37 stepping 5, cmov, cx8, fxsr, mmx, sse, sse2, sse3, ssse3, sse4.1, sse4.2, popcnt, ht, tsc, tscinvbit

/proc/cpuinfo:
processor	: 0
vendor_id	: GenuineIntel
cpu family	: 6
model		: 37
model name	: Intel(R) Core(TM) i3 CPU       M 380  @ 2.53GHz
stepping	: 5
microcode	: 0x7
cpu MHz		: 2526.943
cache size	: 3072 KB
physical id	: 0
siblings	: 4
core id		: 0
cpu cores	: 2
apicid		: 0
initial apicid	: 0
fpu		: yes
fpu_exception	: yes
cpuid level	: 11
wp		: yes
flags		: fpu vme de pse tsc msr pae mce cx8 apic sep mtrr pge mca cmov pat pse36 clflush dts acpi mmx fxsr sse sse2 ss ht tm pbe syscall nx rdtscp lm constant_tsc arch_perfmon pebs bts rep_good nopl xtopology nonstop_tsc cpuid aperfmperf pni dtes64 monitor ds_cpl vmx est tm2 ssse3 cx16 xtpr pdcm pcid sse4_1 sse4_2 popcnt lahf_lm pti ssbd ibrs ibpb stibp tpr_shadow vnmi flexpriority ept vpid dtherm arat flush_l1d
bugs		: cpu_meltdown spectre_v1 spectre_v2 spec_store_bypass l1tf mds swapgs itlb_multihit
bogomips	: 5053.88
clflush size	: 64
cache_alignment	: 64
address sizes	: 36 bits physical, 48 bits virtual
power management:

processor	: 1
vendor_id	: GenuineIntel
cpu family	: 6
model		: 37
model name	: Intel(R) Core(TM) i3 CPU       M 380  @ 2.53GHz
stepping	: 5
microcode	: 0x7
cpu MHz		: 2526.943
cache size	: 3072 KB
physical id	: 0
siblings	: 4
core id		: 0
cpu cores	: 2
apicid		: 1
initial apicid	: 1
fpu		: yes
fpu_exception	: yes
cpuid level	: 11
wp		: yes
flags		: fpu vme de pse tsc msr pae mce cx8 apic sep mtrr pge mca cmov pat pse36 clflush dts acpi mmx fxsr sse sse2 ss ht tm pbe syscall nx rdtscp lm constant_tsc arch_perfmon pebs bts rep_good nopl xtopology nonstop_tsc cpuid aperfmperf pni dtes64 monitor ds_cpl vmx est tm2 ssse3 cx16 xtpr pdcm pcid sse4_1 sse4_2 popcnt lahf_lm pti ssbd ibrs ibpb stibp tpr_shadow vnmi flexpriority ept vpid dtherm arat flush_l1d
bugs		: cpu_meltdown spectre_v1 spectre_v2 spec_store_bypass l1tf mds swapgs itlb_multihit
bogomips	: 5053.88
clflush size	: 64
cache_alignment	: 64
address sizes	: 36 bits physical, 48 bits virtual
power management:

processor	: 2
vendor_id	: GenuineIntel
cpu family	: 6
model		: 37
model name	: Intel(R) Core(TM) i3 CPU       M 380  @ 2.53GHz
stepping	: 5
microcode	: 0x7
cpu MHz		: 2526.940
cache size	: 3072 KB
physical id	: 0
siblings	: 4
core id		: 2
cpu cores	: 2
apicid		: 4
initial apicid	: 4
fpu		: yes
fpu_exception	: yes
cpuid level	: 11
wp		: yes
flags		: fpu vme de pse tsc msr pae mce cx8 apic sep mtrr pge mca cmov pat pse36 clflush dts acpi mmx fxsr sse sse2 ss ht tm pbe syscall nx rdtscp lm constant_tsc arch_perfmon pebs bts rep_good nopl xtopology nonstop_tsc cpuid aperfmperf pni dtes64 monitor ds_cpl vmx est tm2 ssse3 cx16 xtpr pdcm pcid sse4_1 sse4_2 popcnt lahf_lm pti ssbd ibrs ibpb stibp tpr_shadow vnmi flexpriority ept vpid dtherm arat flush_l1d
bugs		: cpu_meltdown spectre_v1 spectre_v2 spec_store_bypass l1tf mds swapgs itlb_multihit
bogomips	: 5053.88
clflush size	: 64
cache_alignment	: 64
address sizes	: 36 bits physical, 48 bits virtual
power management:

processor	: 3
vendor_id	: GenuineIntel
cpu family	: 6
model		: 37
model name	: Intel(R) Core(TM) i3 CPU       M 380  @ 2.53GHz
stepping	: 5
microcode	: 0x7
cpu MHz		: 2526.943
cache size	: 3072 KB
physical id	: 0
siblings	: 4
core id		: 2
cpu cores	: 2
apicid		: 5
initial apicid	: 5
fpu		: yes
fpu_exception	: yes
cpuid level	: 11
wp		: yes
flags		: fpu vme de pse tsc msr pae mce cx8 apic sep mtrr pge mca cmov pat pse36 clflush dts acpi mmx fxsr sse sse2 ss ht tm pbe syscall nx rdtscp lm constant_tsc arch_perfmon pebs bts rep_good nopl xtopology nonstop_tsc cpuid aperfmperf pni dtes64 monitor ds_cpl vmx est tm2 ssse3 cx16 xtpr pdcm pcid sse4_1 sse4_2 popcnt lahf_lm pti ssbd ibrs ibpb stibp tpr_shadow vnmi flexpriority ept vpid dtherm arat flush_l1d
bugs		: cpu_meltdown spectre_v1 spectre_v2 spec_store_bypass l1tf mds swapgs itlb_multihit
bogomips	: 5053.88
clflush size	: 64
cache_alignment	: 64
address sizes	: 36 bits physical, 48 bits virtual
power management:



Memory: 4k page, physical 3831488k(89280k free), swap 2097148k(0k free)

vm_info: OpenJDK 64-Bit Server VM (25.222-b10) for linux-amd64 JRE (1.8.0_222-b10), built on Jul 17 2019 08:11:48 by "jenkins" with gcc 4.8.2 20140120 (Red Hat 4.8.2-15)

time: Sat Nov 23 21:57:02 2019
timezone: EST
elapsed time: 9 seconds (0d 0h 0m 9s)

